[2021-12-01 22:57:06.110] [renderer1] [info] Starting extension host with pid 57416.
[2021-12-01 22:57:06.111] [renderer1] [info] [LocalProcessExtensionHost]: IExtensionHostStarter.start() took 48 ms.
[2021-12-01 22:57:06.258] [renderer1] [error] Error: Unable to read file '/home/thewhistler/thewhistlerScripts/piGame.py' (Error: Unable to resolve nonexistent file '/home/thewhistler/thewhistlerScripts/piGame.py')
    at i.handleSetInputError (vscode-file://vscode-app/var/lib/snapd/snap/code/82/usr/share/code/resources/app/out/vs/workbench/workbench.desktop.main.js:2342:143410)
    at i.handleSetInputError (vscode-file://vscode-app/var/lib/snapd/snap/code/82/usr/share/code/resources/app/out/vs/workbench/workbench.desktop.main.js:2342:147201)
    at i.setInput (vscode-file://vscode-app/var/lib/snapd/snap/code/82/usr/share/code/resources/app/out/vs/workbench/workbench.desktop.main.js:2342:143104)
    at async n.doSetInput (vscode-file://vscode-app/var/lib/snapd/snap/code/82/usr/share/code/resources/app/out/vs/workbench/workbench.desktop.main.js:2342:34632)
    at async n.doOpenEditor (vscode-file://vscode-app/var/lib/snapd/snap/code/82/usr/share/code/resources/app/out/vs/workbench/workbench.desktop.main.js:2342:33032)
    at async n.openEditor (vscode-file://vscode-app/var/lib/snapd/snap/code/82/usr/share/code/resources/app/out/vs/workbench/workbench.desktop.main.js:2342:32680)
    at async vscode-file://vscode-app/var/lib/snapd/snap/code/82/usr/share/code/resources/app/out/vs/workbench/workbench.desktop.main.js:2544:16967
[2021-12-01 22:57:08.995] [renderer1] [error] [Extension Host] (node:57416) [DEP0005] DeprecationWarning: Buffer() is deprecated due to security and usability issues. Please use the Buffer.alloc(), Buffer.allocUnsafe(), or Buffer.from() methods instead.
(Use `code --trace-deprecation ...` to show where the warning was created)
[2021-12-01 22:57:18.430] [renderer1] [info] Starting extension host with pid 57521.
[2021-12-01 22:57:18.431] [renderer1] [info] [LocalProcessExtensionHost]: IExtensionHostStarter.start() took 74 ms.
[2021-12-01 22:57:19.614] [renderer1] [error] [Extension Host] (node:57521) [DEP0005] DeprecationWarning: Buffer() is deprecated due to security and usability issues. Please use the Buffer.alloc(), Buffer.allocUnsafe(), or Buffer.from() methods instead.
(Use `code --trace-deprecation ...` to show where the warning was created)
[2021-12-01 22:58:20.041] [renderer1] [error] Cannot read property 'length' of undefined: TypeError: Cannot read property 'length' of undefined
	at /home/thewhistler/.vscode/extensions/ms-python.python-2021.11.1422169775/out/client/extension.js:52:353150
	at h (/home/thewhistler/.vscode/extensions/ms-python.python-2021.11.1422169775/out/client/extension.js:52:358146)
	at async x.provideCompletionItems (/var/lib/snapd/snap/code/82/usr/share/code/resources/app/out/vs/workbench/services/extensions/node/extensionHostProcess.js:94:181124)
