[2021-11-29 22:53:44.792] [exthost] [info] Extension host with pid 33671 started
[2021-11-29 22:53:44.792] [exthost] [info] Skipping acquiring lock for /home/thewhistler/.config/Code/User/workspaceStorage/d37fdadaf2b5b04cb597010eff6adb6b.
[2021-11-29 22:53:45.098] [exthost] [info] ExtensionService#_doActivateExtension vscode.microsoft-authentication, startup: false, activationEvent: 'onAuthenticationRequest:microsoft'
[2021-11-29 22:53:45.124] [exthost] [info] ExtensionService#_doActivateExtension ms-python.python, startup: false, activationEvent: 'onLanguage:python', root cause: ms-python.vscode-pylance
[2021-11-29 22:53:45.268] [exthost] [info] ExtensionService#_doActivateExtension ms-toolsai.jupyter, startup: false, activationEvent: 'onLanguage:python'
[2021-11-29 22:53:45.495] [exthost] [info] ExtensionService#_doActivateExtension vscode.debug-auto-launch, startup: true, activationEvent: '*'
[2021-11-29 22:53:45.502] [exthost] [info] ExtensionService#_doActivateExtension vscode.git, startup: true, activationEvent: '*', root cause: vscode.github
[2021-11-29 22:53:45.535] [exthost] [info] ExtensionService#_doActivateExtension naumovs.color-highlight, startup: true, activationEvent: '*'
[2021-11-29 22:53:45.861] [exthost] [info] ExtensionService#_doActivateExtension vscode.github, startup: true, activationEvent: '*'
[2021-11-29 22:53:46.529] [exthost] [info] ExtensionService#_doActivateExtension ms-toolsai.jupyter-renderers, startup: false, activationEvent: 'api', root cause: ms-toolsai.jupyter
[2021-11-29 22:53:46.539] [exthost] [info] Eager extensions activated
[2021-11-29 22:53:46.588] [exthost] [info] ExtensionService#_doActivateExtension vscode.merge-conflict, startup: false, activationEvent: 'onStartupFinished'
[2021-11-29 22:53:46.591] [exthost] [info] ExtensionService#_doActivateExtension ms-python.vscode-pylance, startup: false, activationEvent: 'onLanguage:python'
[2021-11-29 22:53:46.805] [exthost] [info] ExtensionService#_doActivateExtension vscode.github-authentication, startup: false, activationEvent: 'onAuthenticationRequest:github'
[2021-11-29 22:55:41.869] [exthost] [info] extension host terminating: renderer closed the socket
[2021-11-29 22:55:42.905] [exthost] [info] Extension host with pid 33671 exiting with code 0
[2021-11-29 22:55:44.572] [exthost] [info] Extension host with pid 33862 started
[2021-11-29 22:55:44.572] [exthost] [info] Skipping acquiring lock for /home/thewhistler/.config/Code/User/workspaceStorage/203a7d4060db510731023ff1071d67b6.
[2021-11-29 22:55:45.127] [exthost] [info] ExtensionService#_doActivateExtension vscode.microsoft-authentication, startup: false, activationEvent: 'onAuthenticationRequest:microsoft'
[2021-11-29 22:55:45.158] [exthost] [info] ExtensionService#_doActivateExtension ms-python.python, startup: false, activationEvent: 'onLanguage:python', root cause: ms-python.vscode-pylance
[2021-11-29 22:55:45.541] [exthost] [info] ExtensionService#_doActivateExtension ms-toolsai.jupyter, startup: false, activationEvent: 'onLanguage:python'
[2021-11-29 22:55:45.971] [exthost] [info] ExtensionService#_doActivateExtension vscode.debug-auto-launch, startup: true, activationEvent: '*'
[2021-11-29 22:55:45.978] [exthost] [info] ExtensionService#_doActivateExtension vscode.git, startup: true, activationEvent: '*', root cause: vscode.github
[2021-11-29 22:55:46.025] [exthost] [info] ExtensionService#_doActivateExtension naumovs.color-highlight, startup: true, activationEvent: '*'
[2021-11-29 22:55:46.557] [exthost] [info] ExtensionService#_doActivateExtension vscode.github, startup: true, activationEvent: '*'
[2021-11-29 22:55:46.645] [exthost] [info] Eager extensions activated
[2021-11-29 22:55:46.712] [exthost] [info] ExtensionService#_doActivateExtension vscode.merge-conflict, startup: false, activationEvent: 'onStartupFinished'
[2021-11-29 22:55:47.870] [exthost] [info] ExtensionService#_doActivateExtension ms-toolsai.jupyter-renderers, startup: false, activationEvent: 'api', root cause: ms-toolsai.jupyter
[2021-11-29 22:55:48.051] [exthost] [info] ExtensionService#_doActivateExtension vscode.github-authentication, startup: false, activationEvent: 'onAuthenticationRequest:github'
[2021-11-29 22:55:48.079] [exthost] [info] ExtensionService#_doActivateExtension ms-python.vscode-pylance, startup: false, activationEvent: 'onLanguage:python'
[2021-11-29 22:55:52.218] [exthost] [error] [ms-python.python] provider FAILED
[2021-11-29 22:55:52.219] [exthost] [error] Canceled: Canceled
	at S.makeCancelError (/home/thewhistler/.vscode/extensions/ms-python.python-2021.11.1422169775/out/client/extension.js:9:151015)
	at S.handleFailedRequest (/home/thewhistler/.vscode/extensions/ms-python.python-2021.11.1422169775/out/client/extension.js:9:150866)
	at /home/thewhistler/.vscode/extensions/ms-python.python-2021.11.1422169775/out/client/extension.js:9:118727
	at async A.provideCodeActions (/var/lib/snapd/snap/code/82/usr/share/code/resources/app/out/vs/workbench/services/extensions/node/extensionHostProcess.js:94:172824)
[2021-11-29 22:57:24.007] [exthost] [error] [ms-python.python] provider FAILED
[2021-11-29 22:57:24.007] [exthost] [error] Canceled: Canceled
	at S.makeCancelError (/home/thewhistler/.vscode/extensions/ms-python.python-2021.11.1422169775/out/client/extension.js:9:151015)
	at S.handleFailedRequest (/home/thewhistler/.vscode/extensions/ms-python.python-2021.11.1422169775/out/client/extension.js:9:150866)
	at /home/thewhistler/.vscode/extensions/ms-python.python-2021.11.1422169775/out/client/extension.js:9:111208
	at async d.provideHover (/var/lib/snapd/snap/code/82/usr/share/code/resources/app/out/vs/workbench/services/extensions/node/extensionHostProcess.js:94:170516)
[2021-11-29 23:04:28.736] [exthost] [info] extension host terminating: renderer closed the socket
[2021-11-29 23:04:29.772] [exthost] [info] Extension host with pid 33862 exiting with code 0
