[Info  - 2:06:04 PM] Pylance language server 2021.11.2 (pyright b27108d5) starting
[Info  - 2:06:04 PM] Server root directory: /home/thewhistler/.vscode/extensions/ms-python.vscode-pylance-2021.11.2/dist
[Info  - 2:06:04 PM] No configuration file found.
[Info  - 2:06:04 PM] No pyproject.toml file found.
[Info  - 2:06:04 PM] Setting pythonPath for service "Tuesday": "/home/thewhistler/Projects/Tuesday/Tuesday/bin/python"
[Warn  - 2:06:04 PM] stubPath /home/thewhistler/Projects/Tuesday/typings is not a valid directory.
[Info  - 2:06:04 PM] Assuming Python version 3.9
[Info  - 2:06:04 PM] Assuming Python platform Linux
[Warn  - 2:06:06 PM] Exception received when installing file system watcher: TypeError [ERR_FEATURE_UNAVAILABLE_ON_PLATFORM]: The feature watch recursively is unavailable on the current platform, which is being used to run Node.js
[Warn  - 2:06:06 PM] Exception received when installing file system watcher: TypeError [ERR_FEATURE_UNAVAILABLE_ON_PLATFORM]: The feature watch recursively is unavailable on the current platform, which is being used to run Node.js
[Info  - 2:06:06 PM] Searching for source files
[Info  - 2:06:06 PM] Auto-excluding /home/thewhistler/Projects/Tuesday/Tuesday
[Info  - 2:06:06 PM] Found 5 source files
[Info  - 2:06:06 PM] Background analysis(1) root directory: /home/thewhistler/.vscode/extensions/ms-python.vscode-pylance-2021.11.2/dist
[Info  - 2:06:06 PM] Background analysis(1) started
[Info  - 2:21:07 PM] Searching for source files
[Info  - 2:21:07 PM] Auto-excluding /home/thewhistler/Projects/Tuesday/Tuesday
[Info  - 2:21:07 PM] Found 6 source files
[Info  - 2:23:28 PM] Searching for source files
[Info  - 2:23:28 PM] Auto-excluding /home/thewhistler/Projects/Tuesday/Tuesday
[Info  - 2:23:28 PM] Found 6 source files
[Info  - 2:23:30 PM] Searching for source files
[Info  - 2:23:30 PM] Auto-excluding /home/thewhistler/Projects/Tuesday/Tuesday
[Info  - 2:23:30 PM] Found 6 source files
[Info  - 2:23:34 PM] Searching for source files
[Info  - 2:23:34 PM] Auto-excluding /home/thewhistler/Projects/Tuesday/Tuesday
[Info  - 2:23:34 PM] Found 6 source files
