Validating found git in: git
Using git 2.33.0 from git
Opening repository for path='/home/thewhistler/thewhistlerScripts' failed; ex=Failed to execute git {
  "exitCode": 128,
  "gitErrorCode": "NotAGitRepository",
  "gitCommand": "rev-parse",
  "stdout": "",
  "stderr": "fatal: not a git repository (or any of the parent directories): .git\n"
}
Opening repository for path='/home/thewhistler/thewhistlerScripts/JEETimer' failed; ex=Error: spawn ENOTDIR
Opening repository for path='/home/thewhistler/thewhistlerScripts/PDFSelector' failed; ex=Error: spawn ENOTDIR
Opening repository for path='/home/thewhistler/thewhistlerScripts/__pycache__' failed; ex=Failed to execute git {
  "exitCode": 128,
  "gitErrorCode": "NotAGitRepository",
  "gitCommand": "rev-parse",
  "stdout": "",
  "stderr": "fatal: not a git repository (or any of the parent directories): .git\n"
}
Opening repository for path='/home/thewhistler/thewhistlerScripts/bashShot' failed; ex=Error: spawn ENOTDIR
Opening repository for path='/home/thewhistler/thewhistlerScripts/clearSnap' failed; ex=Error: spawn ENOTDIR
Opening repository for path='/home/thewhistler/thewhistlerScripts/clock' failed; ex=Error: spawn ENOTDIR
Opening repository for path='/home/thewhistler/thewhistlerScripts/config.cfg' failed; ex=Error: spawn ENOTDIR
Opening repository for path='/home/thewhistler/thewhistlerScripts/fetchVedSchedule.py' failed; ex=Error: spawn ENOTDIR
Opening repository for path='/home/thewhistler/thewhistlerScripts/grihKaryaNotifs.py' failed; ex=Error: spawn ENOTDIR
Opening repository for path='/home/thewhistler/thewhistlerScripts/grihKaryaVars' failed; ex=Error: spawn ENOTDIR
Opening repository for path='/home/thewhistler/thewhistlerScripts/panic.sh' failed; ex=Error: spawn ENOTDIR
Opening repository for path='/home/thewhistler/thewhistlerScripts/pdfHandler.py' failed; ex=Error: spawn ENOTDIR
Opening repository for path='/home/thewhistler/thewhistlerScripts/pi' failed; ex=Error: spawn ENOTDIR
Opening repository for path='/home/thewhistler/thewhistlerScripts/pi.pi' failed; ex=Error: spawn ENOTDIR
Opening repository for path='/home/thewhistler/thewhistlerScripts/piR.yml' failed; ex=Error: spawn ENOTDIR
Opening repository for path='/home/thewhistler/thewhistlerScripts/printFolder' failed; ex=Error: spawn ENOTDIR
Opening repository for path='/home/thewhistler/thewhistlerScripts/screenshotV' failed; ex=Error: spawn ENOTDIR
Opening repository for path='/home/thewhistler/thewhistlerScripts/screenshotV.backup' failed; ex=Error: spawn ENOTDIR
Opening repository for path='/home/thewhistler/thewhistlerScripts/setupClassEnviron.py' failed; ex=Error: spawn ENOTDIR
Opening repository for path='/home/thewhistler/thewhistlerScripts/sns' failed; ex=Error: spawn ENOTDIR
Opening repository for path='/home/thewhistler/thewhistlerScripts/termios' failed; ex=Error: spawn ENOTDIR
Opening repository for path='/home/thewhistler/thewhistlerScripts/vedClassChecker.py' failed; ex=Error: spawn ENOTDIR
Opening repository for path='/home/thewhistler/thewhistlerScripts/vedSchedule.pkl' failed; ex=Error: spawn ENOTDIR
Opening repository for path='/home/thewhistler/thewhistlerScripts/vedantu.sh' failed; ex=Error: spawn ENOTDIR
Opening repository for path='/home/thewhistler/thewhistlerScripts/vedantu_new.py' failed; ex=Error: spawn ENOTDIR
Opening repository for path='/home/thewhistler/thewhistlerScripts/wordOfTheDay.py' failed; ex=Error: spawn ENOTDIR
