[2021-12-01 22:57:09.237] [exthost] [info] Extension host with pid 57416 started
[2021-12-01 22:57:09.237] [exthost] [info] Skipping acquiring lock for /home/thewhistler/.config/Code/User/workspaceStorage/d37fdadaf2b5b04cb597010eff6adb6b.
[2021-12-01 22:57:09.317] [exthost] [info] ExtensionService#_doActivateExtension vscode.microsoft-authentication, startup: false, activationEvent: 'onAuthenticationRequest:microsoft'
[2021-12-01 22:57:09.348] [exthost] [info] ExtensionService#_doActivateExtension vscode.debug-auto-launch, startup: true, activationEvent: '*'
[2021-12-01 22:57:09.375] [exthost] [info] ExtensionService#_doActivateExtension vscode.git, startup: true, activationEvent: '*', root cause: vscode.github
[2021-12-01 22:57:09.434] [exthost] [info] ExtensionService#_doActivateExtension naumovs.color-highlight, startup: true, activationEvent: '*'
[2021-12-01 22:57:09.710] [exthost] [info] ExtensionService#_doActivateExtension vscode.github, startup: true, activationEvent: '*'
[2021-12-01 22:57:09.779] [exthost] [info] Eager extensions activated
[2021-12-01 22:57:09.786] [exthost] [info] ExtensionService#_doActivateExtension vscode.merge-conflict, startup: false, activationEvent: 'onStartupFinished'
[2021-12-01 22:57:09.816] [exthost] [info] ExtensionService#_doActivateExtension vscode.github-authentication, startup: false, activationEvent: 'onAuthenticationRequest:github'
[2021-12-01 22:57:16.652] [exthost] [info] extension host terminating: renderer closed the socket
[2021-12-01 22:57:17.664] [exthost] [info] Extension host with pid 57416 exiting with code 0
[2021-12-01 22:57:20.249] [exthost] [info] Extension host with pid 57521 started
[2021-12-01 22:57:20.249] [exthost] [info] Skipping acquiring lock for /home/thewhistler/.config/Code/User/workspaceStorage/05962256a1d0c15903cb758f807cc371.
[2021-12-01 22:57:21.129] [exthost] [info] ExtensionService#_doActivateExtension vscode.microsoft-authentication, startup: false, activationEvent: 'onAuthenticationRequest:microsoft'
[2021-12-01 22:57:21.144] [exthost] [info] ExtensionService#_doActivateExtension ms-python.python, startup: false, activationEvent: 'onLanguage:python', root cause: ms-python.vscode-pylance
[2021-12-01 22:57:21.525] [exthost] [info] ExtensionService#_doActivateExtension ms-toolsai.jupyter, startup: false, activationEvent: 'onLanguage:python'
[2021-12-01 22:57:21.958] [exthost] [info] ExtensionService#_doActivateExtension vscode.debug-auto-launch, startup: true, activationEvent: '*'
[2021-12-01 22:57:21.965] [exthost] [info] ExtensionService#_doActivateExtension vscode.git, startup: true, activationEvent: '*', root cause: vscode.github
[2021-12-01 22:57:22.010] [exthost] [info] ExtensionService#_doActivateExtension naumovs.color-highlight, startup: true, activationEvent: '*'
[2021-12-01 22:57:22.826] [exthost] [info] ExtensionService#_doActivateExtension ms-toolsai.jupyter-renderers, startup: false, activationEvent: 'api', root cause: ms-toolsai.jupyter
[2021-12-01 22:57:22.876] [exthost] [info] ExtensionService#_doActivateExtension vscode.github, startup: true, activationEvent: '*'
[2021-12-01 22:57:23.089] [exthost] [info] ExtensionService#_doActivateExtension ms-python.vscode-pylance, startup: false, activationEvent: 'onLanguage:python'
[2021-12-01 22:57:23.451] [exthost] [info] ExtensionService#_doActivateExtension vscode.github-authentication, startup: false, activationEvent: 'onAuthenticationRequest:github'
[2021-12-01 22:57:23.465] [exthost] [info] Eager extensions activated
[2021-12-01 22:57:23.576] [exthost] [info] ExtensionService#_doActivateExtension vscode.merge-conflict, startup: false, activationEvent: 'onStartupFinished'
[2021-12-01 22:58:20.037] [exthost] [error] [ms-python.python] provider FAILED
[2021-12-01 22:58:20.037] [exthost] [error] TypeError: Cannot read property 'length' of undefined
	at /home/thewhistler/.vscode/extensions/ms-python.python-2021.11.1422169775/out/client/extension.js:52:353150
	at h (/home/thewhistler/.vscode/extensions/ms-python.python-2021.11.1422169775/out/client/extension.js:52:358146)
	at async x.provideCompletionItems (/var/lib/snapd/snap/code/82/usr/share/code/resources/app/out/vs/workbench/services/extensions/node/extensionHostProcess.js:94:181124)
[2021-12-01 22:58:21.641] [exthost] [error] [ms-python.python] provider FAILED
[2021-12-01 22:58:21.642] [exthost] [error] Canceled: Canceled
	at S.makeCancelError (/home/thewhistler/.vscode/extensions/ms-python.python-2021.11.1422169775/out/client/extension.js:9:151015)
	at S.handleFailedRequest (/home/thewhistler/.vscode/extensions/ms-python.python-2021.11.1422169775/out/client/extension.js:9:150866)
	at /home/thewhistler/.vscode/extensions/ms-python.python-2021.11.1422169775/out/client/extension.js:9:110416
	at async x.resolveCompletionItem (/var/lib/snapd/snap/code/82/usr/share/code/resources/app/out/vs/workbench/services/extensions/node/extensionHostProcess.js:94:181841)
[2021-12-01 22:58:43.547] [exthost] [error] [ms-python.python] provider FAILED
[2021-12-01 22:58:43.547] [exthost] [error] Canceled: Canceled
	at S.makeCancelError (/home/thewhistler/.vscode/extensions/ms-python.python-2021.11.1422169775/out/client/extension.js:9:151015)
	at S.handleFailedRequest (/home/thewhistler/.vscode/extensions/ms-python.python-2021.11.1422169775/out/client/extension.js:9:150866)
	at /home/thewhistler/.vscode/extensions/ms-python.python-2021.11.1422169775/out/client/extension.js:9:118727
	at runNextTicks (internal/process/task_queues.js:58:5)
	at processImmediate (internal/timers.js:434:9)
	at async A.provideCodeActions (/var/lib/snapd/snap/code/82/usr/share/code/resources/app/out/vs/workbench/services/extensions/node/extensionHostProcess.js:94:172824)
[2021-12-01 22:59:20.518] [exthost] [info] extension host terminating: renderer closed the socket
[2021-12-01 22:59:21.552] [exthost] [info] Extension host with pid 57521 exiting with code 0
