[2021-11-29 14:28:37.084] [exthost] [info] Extension host with pid 8694 started
[2021-11-29 14:28:37.415] [exthost] [info] ExtensionService#_doActivateExtension vscode.microsoft-authentication, startup: false, activationEvent: 'onAuthenticationRequest:microsoft'
[2021-11-29 14:28:37.443] [exthost] [info] ExtensionService#_doActivateExtension vscode.debug-auto-launch, startup: true, activationEvent: '*'
[2021-11-29 14:28:37.448] [exthost] [info] ExtensionService#_doActivateExtension vscode.git, startup: true, activationEvent: '*', root cause: vscode.github
[2021-11-29 14:28:37.473] [exthost] [info] ExtensionService#_doActivateExtension naumovs.color-highlight, startup: true, activationEvent: '*'
[2021-11-29 14:28:37.628] [exthost] [info] ExtensionService#_doActivateExtension vscode.github, startup: true, activationEvent: '*'
[2021-11-29 14:28:37.678] [exthost] [info] Eager extensions activated
[2021-11-29 14:28:37.685] [exthost] [info] ExtensionService#_doActivateExtension vscode.merge-conflict, startup: false, activationEvent: 'onStartupFinished'
[2021-11-29 14:28:37.689] [exthost] [info] ExtensionService#_doActivateExtension vscode.github-authentication, startup: false, activationEvent: 'onAuthenticationRequest:github'
[2021-11-29 14:28:37.799] [exthost] [info] extension host terminating: renderer closed the socket
[2021-11-29 14:28:38.807] [exthost] [info] Extension host with pid 8694 exiting with code 0
[2021-11-29 14:28:40.733] [exthost] [info] Extension host with pid 8730 started
[2021-11-29 14:28:40.733] [exthost] [info] Skipping acquiring lock for /home/thewhistler/.config/Code/User/workspaceStorage/d37fdadaf2b5b04cb597010eff6adb6b.
[2021-11-29 14:28:41.070] [exthost] [info] ExtensionService#_doActivateExtension vscode.microsoft-authentication, startup: false, activationEvent: 'onAuthenticationRequest:microsoft'
[2021-11-29 14:28:41.111] [exthost] [info] ExtensionService#_doActivateExtension ms-python.python, startup: false, activationEvent: 'onLanguage:python', root cause: ms-python.vscode-pylance
[2021-11-29 14:28:41.375] [exthost] [info] ExtensionService#_doActivateExtension ms-toolsai.jupyter, startup: false, activationEvent: 'onLanguage:python'
[2021-11-29 14:28:41.572] [exthost] [info] ExtensionService#_doActivateExtension vscode.debug-auto-launch, startup: true, activationEvent: '*'
[2021-11-29 14:28:41.576] [exthost] [info] ExtensionService#_doActivateExtension vscode.git, startup: true, activationEvent: '*', root cause: vscode.github
[2021-11-29 14:28:41.601] [exthost] [info] ExtensionService#_doActivateExtension naumovs.color-highlight, startup: true, activationEvent: '*'
[2021-11-29 14:28:42.068] [exthost] [info] ExtensionService#_doActivateExtension vscode.github, startup: true, activationEvent: '*'
[2021-11-29 14:28:42.556] [exthost] [info] Eager extensions activated
[2021-11-29 14:28:42.626] [exthost] [info] ExtensionService#_doActivateExtension ms-toolsai.jupyter-renderers, startup: false, activationEvent: 'api', root cause: ms-toolsai.jupyter
[2021-11-29 14:28:42.694] [exthost] [info] ExtensionService#_doActivateExtension vscode.merge-conflict, startup: false, activationEvent: 'onStartupFinished'
[2021-11-29 14:28:42.837] [exthost] [info] ExtensionService#_doActivateExtension vscode.github-authentication, startup: false, activationEvent: 'onAuthenticationRequest:github'
[2021-11-29 14:28:42.857] [exthost] [info] ExtensionService#_doActivateExtension ms-python.vscode-pylance, startup: false, activationEvent: 'onLanguage:python'
[2021-11-29 14:28:45.269] [exthost] [info] extension host terminating: renderer closed the socket
[2021-11-29 14:28:45.818] [exthost] [error] [ms-python.python] provider FAILED
[2021-11-29 14:28:45.818] [exthost] [error] Error: Connection got disposed.
	at Object.dispose (/home/thewhistler/.vscode/extensions/ms-python.python-2021.11.1422169775/out/client/extension.js:52:241001)
	at Object.dispose (/home/thewhistler/.vscode/extensions/ms-python.python-2021.11.1422169775/out/client/extension.js:9:145557)
	at /home/thewhistler/.vscode/extensions/ms-python.python-2021.11.1422169775/out/client/extension.js:9:142059
[2021-11-29 14:28:45.818] [exthost] [error] [ms-python.python] provider FAILED
[2021-11-29 14:28:45.818] [exthost] [error] Error: Connection got disposed.
	at Object.dispose (/home/thewhistler/.vscode/extensions/ms-python.python-2021.11.1422169775/out/client/extension.js:52:241001)
	at Object.dispose (/home/thewhistler/.vscode/extensions/ms-python.python-2021.11.1422169775/out/client/extension.js:9:145557)
	at /home/thewhistler/.vscode/extensions/ms-python.python-2021.11.1422169775/out/client/extension.js:9:142059
[2021-11-29 14:28:45.818] [exthost] [error] [ms-python.python] provider FAILED
[2021-11-29 14:28:45.818] [exthost] [error] Error: Connection got disposed.
	at Object.dispose (/home/thewhistler/.vscode/extensions/ms-python.python-2021.11.1422169775/out/client/extension.js:52:241001)
	at Object.dispose (/home/thewhistler/.vscode/extensions/ms-python.python-2021.11.1422169775/out/client/extension.js:9:145557)
	at /home/thewhistler/.vscode/extensions/ms-python.python-2021.11.1422169775/out/client/extension.js:9:142059
[2021-11-29 14:28:45.818] [exthost] [error] [ms-python.python] provider FAILED
[2021-11-29 14:28:45.818] [exthost] [error] Error: Connection got disposed.
	at Object.dispose (/home/thewhistler/.vscode/extensions/ms-python.python-2021.11.1422169775/out/client/extension.js:52:241001)
	at Object.dispose (/home/thewhistler/.vscode/extensions/ms-python.python-2021.11.1422169775/out/client/extension.js:9:145557)
	at /home/thewhistler/.vscode/extensions/ms-python.python-2021.11.1422169775/out/client/extension.js:9:142059
[2021-11-29 14:28:46.316] [exthost] [info] Extension host with pid 8730 exiting with code 0
