[2021-11-27 22:18:15.003] [exthost] [info] Extension host with pid 96374 started
[2021-11-27 22:18:15.003] [exthost] [info] Skipping acquiring lock for /home/thewhistler/.config/Code/User/workspaceStorage/203a7d4060db510731023ff1071d67b6.
[2021-11-27 22:18:15.431] [exthost] [info] ExtensionService#_doActivateExtension vscode.microsoft-authentication, startup: false, activationEvent: 'onAuthenticationRequest:microsoft'
[2021-11-27 22:18:15.449] [exthost] [info] ExtensionService#_doActivateExtension ms-python.python, startup: false, activationEvent: 'onLanguage:python', root cause: ms-python.vscode-pylance
[2021-11-27 22:18:15.631] [exthost] [info] ExtensionService#_doActivateExtension ms-toolsai.jupyter, startup: false, activationEvent: 'onLanguage:python'
[2021-11-27 22:18:15.964] [exthost] [info] ExtensionService#_doActivateExtension vscode.debug-auto-launch, startup: true, activationEvent: '*'
[2021-11-27 22:18:15.969] [exthost] [info] ExtensionService#_doActivateExtension vscode.git, startup: true, activationEvent: '*', root cause: vscode.github
[2021-11-27 22:18:16.005] [exthost] [info] ExtensionService#_doActivateExtension naumovs.color-highlight, startup: true, activationEvent: '*'
[2021-11-27 22:18:16.710] [exthost] [info] ExtensionService#_doActivateExtension vscode.github, startup: true, activationEvent: '*'
[2021-11-27 22:18:16.792] [exthost] [info] ExtensionService#_doActivateExtension ms-toolsai.jupyter-renderers, startup: false, activationEvent: 'api', root cause: ms-toolsai.jupyter
[2021-11-27 22:18:16.837] [exthost] [info] Eager extensions activated
[2021-11-27 22:18:16.873] [exthost] [info] ExtensionService#_doActivateExtension vscode.merge-conflict, startup: false, activationEvent: 'onStartupFinished'
[2021-11-27 22:18:16.880] [exthost] [info] ExtensionService#_doActivateExtension vscode.github-authentication, startup: false, activationEvent: 'onAuthenticationRequest:github'
[2021-11-27 22:18:16.894] [exthost] [info] ExtensionService#_doActivateExtension ms-python.vscode-pylance, startup: false, activationEvent: 'onLanguage:python'
[2021-11-27 22:18:36.910] [exthost] [error] [ms-python.python] provider FAILED
[2021-11-27 22:18:36.910] [exthost] [error] Canceled: Canceled
	at S.makeCancelError (/home/thewhistler/.vscode/extensions/ms-python.python-2021.11.1422169775/out/client/extension.js:9:151015)
	at S.handleFailedRequest (/home/thewhistler/.vscode/extensions/ms-python.python-2021.11.1422169775/out/client/extension.js:9:150866)
	at /home/thewhistler/.vscode/extensions/ms-python.python-2021.11.1422169775/out/client/extension.js:9:111208
	at async d.provideHover (/var/lib/snapd/snap/code/82/usr/share/code/resources/app/out/vs/workbench/services/extensions/node/extensionHostProcess.js:94:170516)
[2021-11-27 22:18:58.782] [exthost] [error] [ms-python.python] provider FAILED
[2021-11-27 22:18:58.782] [exthost] [error] Canceled: Canceled
	at S.makeCancelError (/home/thewhistler/.vscode/extensions/ms-python.python-2021.11.1422169775/out/client/extension.js:9:151015)
	at S.handleFailedRequest (/home/thewhistler/.vscode/extensions/ms-python.python-2021.11.1422169775/out/client/extension.js:9:150866)
	at /home/thewhistler/.vscode/extensions/ms-python.python-2021.11.1422169775/out/client/extension.js:9:114800
	at async m.provideDocumentHighlights (/var/lib/snapd/snap/code/82/usr/share/code/resources/app/out/vs/workbench/services/extensions/node/extensionHostProcess.js:94:171454)
[2021-11-27 22:18:59.186] [exthost] [error] [ms-python.python] provider FAILED
[2021-11-27 22:18:59.186] [exthost] [error] Canceled: Canceled
	at S.makeCancelError (/home/thewhistler/.vscode/extensions/ms-python.python-2021.11.1422169775/out/client/extension.js:9:151015)
	at S.handleFailedRequest (/home/thewhistler/.vscode/extensions/ms-python.python-2021.11.1422169775/out/client/extension.js:9:150866)
	at /home/thewhistler/.vscode/extensions/ms-python.python-2021.11.1422169775/out/client/extension.js:9:114800
	at async m.provideDocumentHighlights (/var/lib/snapd/snap/code/82/usr/share/code/resources/app/out/vs/workbench/services/extensions/node/extensionHostProcess.js:94:171454)
[2021-11-27 22:19:01.526] [exthost] [error] [ms-python.python] provider FAILED
[2021-11-27 22:19:01.526] [exthost] [error] Canceled: Canceled
	at S.makeCancelError (/home/thewhistler/.vscode/extensions/ms-python.python-2021.11.1422169775/out/client/extension.js:9:151015)
	at S.handleFailedRequest (/home/thewhistler/.vscode/extensions/ms-python.python-2021.11.1422169775/out/client/extension.js:9:150866)
	at /home/thewhistler/.vscode/extensions/ms-python.python-2021.11.1422169775/out/client/extension.js:9:114800
	at async m.provideDocumentHighlights (/var/lib/snapd/snap/code/82/usr/share/code/resources/app/out/vs/workbench/services/extensions/node/extensionHostProcess.js:94:171454)
[2021-11-27 22:19:01.530] [exthost] [error] [ms-python.python] provider FAILED
[2021-11-27 22:19:01.530] [exthost] [error] Canceled: Canceled
	at S.makeCancelError (/home/thewhistler/.vscode/extensions/ms-python.python-2021.11.1422169775/out/client/extension.js:9:151015)
	at S.handleFailedRequest (/home/thewhistler/.vscode/extensions/ms-python.python-2021.11.1422169775/out/client/extension.js:9:150866)
	at /home/thewhistler/.vscode/extensions/ms-python.python-2021.11.1422169775/out/client/extension.js:9:114800
	at async m.provideDocumentHighlights (/var/lib/snapd/snap/code/82/usr/share/code/resources/app/out/vs/workbench/services/extensions/node/extensionHostProcess.js:94:171454)
[2021-11-27 22:19:01.539] [exthost] [error] [ms-python.python] provider FAILED
[2021-11-27 22:19:01.540] [exthost] [error] Canceled: Canceled
	at S.makeCancelError (/home/thewhistler/.vscode/extensions/ms-python.python-2021.11.1422169775/out/client/extension.js:9:151015)
	at S.handleFailedRequest (/home/thewhistler/.vscode/extensions/ms-python.python-2021.11.1422169775/out/client/extension.js:9:150866)
	at /home/thewhistler/.vscode/extensions/ms-python.python-2021.11.1422169775/out/client/extension.js:9:114800
	at async m.provideDocumentHighlights (/var/lib/snapd/snap/code/82/usr/share/code/resources/app/out/vs/workbench/services/extensions/node/extensionHostProcess.js:94:171454)
[2021-11-27 22:19:01.596] [exthost] [error] [ms-python.python] provider FAILED
[2021-11-27 22:19:01.597] [exthost] [error] Canceled: Canceled
	at S.makeCancelError (/home/thewhistler/.vscode/extensions/ms-python.python-2021.11.1422169775/out/client/extension.js:9:151015)
	at S.handleFailedRequest (/home/thewhistler/.vscode/extensions/ms-python.python-2021.11.1422169775/out/client/extension.js:9:150866)
	at /home/thewhistler/.vscode/extensions/ms-python.python-2021.11.1422169775/out/client/extension.js:9:114800
	at async m.provideDocumentHighlights (/var/lib/snapd/snap/code/82/usr/share/code/resources/app/out/vs/workbench/services/extensions/node/extensionHostProcess.js:94:171454)
[2021-11-27 22:19:02.069] [exthost] [error] [ms-python.python] provider FAILED
[2021-11-27 22:19:02.070] [exthost] [error] Canceled: Canceled
	at S.makeCancelError (/home/thewhistler/.vscode/extensions/ms-python.python-2021.11.1422169775/out/client/extension.js:9:151015)
	at S.handleFailedRequest (/home/thewhistler/.vscode/extensions/ms-python.python-2021.11.1422169775/out/client/extension.js:9:150866)
	at /home/thewhistler/.vscode/extensions/ms-python.python-2021.11.1422169775/out/client/extension.js:9:114800
	at async m.provideDocumentHighlights (/var/lib/snapd/snap/code/82/usr/share/code/resources/app/out/vs/workbench/services/extensions/node/extensionHostProcess.js:94:171454)
[2021-11-27 22:19:02.075] [exthost] [error] [ms-python.python] provider FAILED
[2021-11-27 22:19:02.075] [exthost] [error] Canceled: Canceled
	at S.makeCancelError (/home/thewhistler/.vscode/extensions/ms-python.python-2021.11.1422169775/out/client/extension.js:9:151015)
	at S.handleFailedRequest (/home/thewhistler/.vscode/extensions/ms-python.python-2021.11.1422169775/out/client/extension.js:9:150866)
	at /home/thewhistler/.vscode/extensions/ms-python.python-2021.11.1422169775/out/client/extension.js:9:114800
	at async m.provideDocumentHighlights (/var/lib/snapd/snap/code/82/usr/share/code/resources/app/out/vs/workbench/services/extensions/node/extensionHostProcess.js:94:171454)
[2021-11-27 22:19:02.080] [exthost] [error] [ms-python.python] provider FAILED
[2021-11-27 22:19:02.080] [exthost] [error] Canceled: Canceled
	at S.makeCancelError (/home/thewhistler/.vscode/extensions/ms-python.python-2021.11.1422169775/out/client/extension.js:9:151015)
	at S.handleFailedRequest (/home/thewhistler/.vscode/extensions/ms-python.python-2021.11.1422169775/out/client/extension.js:9:150866)
	at /home/thewhistler/.vscode/extensions/ms-python.python-2021.11.1422169775/out/client/extension.js:9:114800
	at async m.provideDocumentHighlights (/var/lib/snapd/snap/code/82/usr/share/code/resources/app/out/vs/workbench/services/extensions/node/extensionHostProcess.js:94:171454)
[2021-11-27 22:19:02.088] [exthost] [error] [ms-python.python] provider FAILED
[2021-11-27 22:19:02.088] [exthost] [error] Canceled: Canceled
	at S.makeCancelError (/home/thewhistler/.vscode/extensions/ms-python.python-2021.11.1422169775/out/client/extension.js:9:151015)
	at S.handleFailedRequest (/home/thewhistler/.vscode/extensions/ms-python.python-2021.11.1422169775/out/client/extension.js:9:150866)
	at /home/thewhistler/.vscode/extensions/ms-python.python-2021.11.1422169775/out/client/extension.js:9:114800
	at async m.provideDocumentHighlights (/var/lib/snapd/snap/code/82/usr/share/code/resources/app/out/vs/workbench/services/extensions/node/extensionHostProcess.js:94:171454)
[2021-11-27 22:19:04.441] [exthost] [error] [ms-python.python] provider FAILED
[2021-11-27 22:19:04.441] [exthost] [error] Canceled: Canceled
	at S.makeCancelError (/home/thewhistler/.vscode/extensions/ms-python.python-2021.11.1422169775/out/client/extension.js:9:151015)
	at S.handleFailedRequest (/home/thewhistler/.vscode/extensions/ms-python.python-2021.11.1422169775/out/client/extension.js:9:150866)
	at /home/thewhistler/.vscode/extensions/ms-python.python-2021.11.1422169775/out/client/extension.js:9:114800
	at async m.provideDocumentHighlights (/var/lib/snapd/snap/code/82/usr/share/code/resources/app/out/vs/workbench/services/extensions/node/extensionHostProcess.js:94:171454)
[2021-11-27 22:19:05.514] [exthost] [error] [ms-python.python] provider FAILED
[2021-11-27 22:19:05.514] [exthost] [error] Canceled: Canceled
	at S.makeCancelError (/home/thewhistler/.vscode/extensions/ms-python.python-2021.11.1422169775/out/client/extension.js:9:151015)
	at S.handleFailedRequest (/home/thewhistler/.vscode/extensions/ms-python.python-2021.11.1422169775/out/client/extension.js:9:150866)
	at /home/thewhistler/.vscode/extensions/ms-python.python-2021.11.1422169775/out/client/extension.js:9:114800
	at async m.provideDocumentHighlights (/var/lib/snapd/snap/code/82/usr/share/code/resources/app/out/vs/workbench/services/extensions/node/extensionHostProcess.js:94:171454)
[2021-11-27 22:20:05.775] [exthost] [error] [ms-python.python] provider FAILED
[2021-11-27 22:20:05.776] [exthost] [error] TypeError: Cannot read property 'length' of undefined
	at /home/thewhistler/.vscode/extensions/ms-python.python-2021.11.1422169775/out/client/extension.js:52:353150
	at h (/home/thewhistler/.vscode/extensions/ms-python.python-2021.11.1422169775/out/client/extension.js:52:358146)
	at async x.provideCompletionItems (/var/lib/snapd/snap/code/82/usr/share/code/resources/app/out/vs/workbench/services/extensions/node/extensionHostProcess.js:94:181124)
[2021-11-27 22:20:50.492] [exthost] [error] [ms-python.python] provider FAILED
[2021-11-27 22:20:50.492] [exthost] [error] Canceled: Canceled
	at S.makeCancelError (/home/thewhistler/.vscode/extensions/ms-python.python-2021.11.1422169775/out/client/extension.js:9:151015)
	at S.handleFailedRequest (/home/thewhistler/.vscode/extensions/ms-python.python-2021.11.1422169775/out/client/extension.js:9:150866)
	at /home/thewhistler/.vscode/extensions/ms-python.python-2021.11.1422169775/out/client/extension.js:9:118727
	at async A.provideCodeActions (/var/lib/snapd/snap/code/82/usr/share/code/resources/app/out/vs/workbench/services/extensions/node/extensionHostProcess.js:94:172824)
[2021-11-27 22:21:23.281] [exthost] [error] [ms-python.python] provider FAILED
[2021-11-27 22:21:23.282] [exthost] [error] Canceled: Canceled
	at S.makeCancelError (/home/thewhistler/.vscode/extensions/ms-python.python-2021.11.1422169775/out/client/extension.js:9:151015)
	at S.handleFailedRequest (/home/thewhistler/.vscode/extensions/ms-python.python-2021.11.1422169775/out/client/extension.js:9:150866)
	at /home/thewhistler/.vscode/extensions/ms-python.python-2021.11.1422169775/out/client/extension.js:9:118727
	at async A.provideCodeActions (/var/lib/snapd/snap/code/82/usr/share/code/resources/app/out/vs/workbench/services/extensions/node/extensionHostProcess.js:94:172824)
[2021-11-27 22:22:08.672] [exthost] [error] [ms-python.python] provider FAILED
[2021-11-27 22:22:08.672] [exthost] [error] Canceled: Canceled
	at S.makeCancelError (/home/thewhistler/.vscode/extensions/ms-python.python-2021.11.1422169775/out/client/extension.js:9:151015)
	at S.handleFailedRequest (/home/thewhistler/.vscode/extensions/ms-python.python-2021.11.1422169775/out/client/extension.js:9:150866)
	at /home/thewhistler/.vscode/extensions/ms-python.python-2021.11.1422169775/out/client/extension.js:9:118727
	at async A.provideCodeActions (/var/lib/snapd/snap/code/82/usr/share/code/resources/app/out/vs/workbench/services/extensions/node/extensionHostProcess.js:94:172824)
[2021-11-27 22:22:56.394] [exthost] [error] [ms-python.python] provider FAILED
[2021-11-27 22:22:56.395] [exthost] [error] Canceled: Canceled
	at S.makeCancelError (/home/thewhistler/.vscode/extensions/ms-python.python-2021.11.1422169775/out/client/extension.js:9:151015)
	at S.handleFailedRequest (/home/thewhistler/.vscode/extensions/ms-python.python-2021.11.1422169775/out/client/extension.js:9:150866)
	at /home/thewhistler/.vscode/extensions/ms-python.python-2021.11.1422169775/out/client/extension.js:9:118727
	at async A.provideCodeActions (/var/lib/snapd/snap/code/82/usr/share/code/resources/app/out/vs/workbench/services/extensions/node/extensionHostProcess.js:94:172824)
[2021-11-27 22:23:11.244] [exthost] [info] extension host terminating: renderer closed the socket
[2021-11-27 22:23:12.288] [exthost] [info] Extension host with pid 96374 exiting with code 0
