Validating found git in: git
Using git 2.33.0 from git
Opening repository for path='/home/thewhistler/Projects/playground' failed; ex=Failed to execute git {
  "exitCode": 128,
  "gitErrorCode": "NotAGitRepository",
  "gitCommand": "rev-parse",
  "stdout": "",
  "stderr": "fatal: not a git repository (or any of the parent directories): .git\n"
}
Opening repository for path='/home/thewhistler/Projects/playground' failed; ex=Failed to execute git {
  "exitCode": 128,
  "gitErrorCode": "NotAGitRepository",
  "gitCommand": "rev-parse",
  "stdout": "",
  "stderr": "fatal: not a git repository (or any of the parent directories): .git\n"
}
Opening repository for path='/home/thewhistler/Projects/playground/gui.py' failed; ex=Error: spawn ENOTDIR
Opening repository for path='/home/thewhistler/Projects/playground/pi' failed; ex=Error: spawn ENOTDIR
Opening repository for path='/home/thewhistler/Projects/playground/piGame.py' failed; ex=Error: spawn ENOTDIR
Opening repository for path='/home/thewhistler/Projects/playground/piWriter.py' failed; ex=Error: spawn ENOTDIR
Opening repository for path='/home/thewhistler/Projects/playground/quadratic.py' failed; ex=Error: spawn ENOTDIR
Opening repository for path='/home/thewhistler/Projects/playground' failed; ex=Failed to execute git {
  "exitCode": 128,
  "gitErrorCode": "NotAGitRepository",
  "gitCommand": "rev-parse",
  "stdout": "",
  "stderr": "fatal: not a git repository (or any of the parent directories): .git\n"
}
Opening repository for path='/home/thewhistler/Projects/playground' failed; ex=Failed to execute git {
  "exitCode": 128,
  "gitErrorCode": "NotAGitRepository",
  "gitCommand": "rev-parse",
  "stdout": "",
  "stderr": "fatal: not a git repository (or any of the parent directories): .git\n"
}
Opening repository for path='/home/thewhistler/Projects/playground' failed; ex=Failed to execute git {
  "exitCode": 128,
  "gitErrorCode": "NotAGitRepository",
  "gitCommand": "rev-parse",
  "stdout": "",
  "stderr": "fatal: not a git repository (or any of the parent directories): .git\n"
}
Opening repository for path='/home/thewhistler/Projects/playground' failed; ex=Failed to execute git {
  "exitCode": 128,
  "gitErrorCode": "NotAGitRepository",
  "gitCommand": "rev-parse",
  "stdout": "",
  "stderr": "fatal: not a git repository (or any of the parent directories): .git\n"
}
Opening repository for path='/home/thewhistler/Projects/playground' failed; ex=Failed to execute git {
  "exitCode": 128,
  "gitErrorCode": "NotAGitRepository",
  "gitCommand": "rev-parse",
  "stdout": "",
  "stderr": "fatal: not a git repository (or any of the parent directories): .git\n"
}
